\BOOKMARK [0][-]{chapter.1}{Introduction and motivation}{}% 1
\BOOKMARK [1][-]{section.1.1}{Photoconductivity}{chapter.1}% 2
\BOOKMARK [1][-]{section.1.2}{Wave phenomena: diffraction and polarisation}{chapter.1}% 3
\BOOKMARK [1][-]{section.1.3}{Summary of experiments performed}{chapter.1}% 4
\BOOKMARK [0][-]{chapter.2}{Experimental set-ups and relevant theory}{}% 5
\BOOKMARK [1][-]{section.2.1}{Photoconductivity set-up}{chapter.2}% 6
\BOOKMARK [1][-]{section.2.2}{Light diffraction set-up and the grids}{chapter.2}% 7
\BOOKMARK [1][-]{section.2.3}{Diffraction of micro-waves: set-up}{chapter.2}% 8
\BOOKMARK [1][-]{section.2.4}{Polarisation set-up}{chapter.2}% 9
\BOOKMARK [0][-]{chapter.3}{Experimental results and analysis}{}% 10
\BOOKMARK [1][-]{section.3.1}{Photoconductivity measurements}{chapter.3}% 11
\BOOKMARK [2][-]{subsection.3.1.1}{Current-Voltage characteristic at constant irradiance :}{section.3.1}% 12
\BOOKMARK [2][-]{subsection.3.1.2}{Current-Irradiance characteristics at constant voltage U:}{section.3.1}% 13
\BOOKMARK [1][-]{section.3.2}{Measuring grating parameters using diffraction}{chapter.3}% 14
\BOOKMARK [2][-]{subsection.3.2.1}{Inductive Grid}{section.3.2}% 15
\BOOKMARK [2][-]{subsection.3.2.2}{Capacitive Grid}{section.3.2}% 16
\BOOKMARK [1][-]{section.3.3}{Observing diffraction with microwaves}{chapter.3}% 17
\BOOKMARK [2][-]{subsection.3.3.1}{Diffraction of the Microwaves at the edge of a screen}{section.3.3}% 18
\BOOKMARK [2][-]{subsection.3.3.2}{Diffraction of the Microwaves at the slit}{section.3.3}% 19
\BOOKMARK [2][-]{subsection.3.3.3}{Diffraction of the Microwaves at the slit with varying slit width}{section.3.3}% 20
\BOOKMARK [1][-]{section.3.4}{Measuring polarization properties}{chapter.3}% 21
\BOOKMARK [0][-]{chapter.4}{Error analysis}{}% 22
\BOOKMARK [1][-]{section.4.1}{Photoconductivity measurement}{chapter.4}% 23
\BOOKMARK [1][-]{section.4.2}{Diffraction}{chapter.4}% 24
\BOOKMARK [1][-]{section.4.3}{Measuring polarization properties}{chapter.4}% 25
\BOOKMARK [0][-]{chapter.5}{Conclusion, discussion and remarks}{}% 26
\BOOKMARK [1][-]{section.5.1}{Laser Diffraction}{chapter.5}% 27
\BOOKMARK [1][-]{section.5.2}{Microwave Diffraction}{chapter.5}% 28
\BOOKMARK [1][-]{section.5.3}{Polarization}{chapter.5}% 29
\BOOKMARK [1][-]{section.5.4}{Photoconductivity}{chapter.5}% 30
