\BOOKMARK [0][-]{chapter.1}{Introduction and motivation}{}% 1
\BOOKMARK [1][-]{section.1.1}{Summary of experiments performed}{chapter.1}% 2
\BOOKMARK [0][-]{chapter.2}{Experimental set-ups and relevant theory}{}% 3
\BOOKMARK [1][-]{section.2.1}{Fabry Perot Interferometer with laser }{chapter.2}% 4
\BOOKMARK [1][-]{section.2.2}{Fabry Perot Interferometer with Sodium Lamp}{chapter.2}% 5
\BOOKMARK [1][-]{section.2.3}{Michelson Interferometer with laser}{chapter.2}% 6
\BOOKMARK [1][-]{section.2.4}{Michelson Interferometer with Na Lamp}{chapter.2}% 7
\BOOKMARK [0][-]{chapter.3}{Experimental results and analysis}{}% 8
\BOOKMARK [1][-]{section.3.1}{Fabry Perot Interferometer with Laser}{chapter.3}% 9
\BOOKMARK [1][-]{section.3.2}{Fabry Perot Interferometer with Sodium Lamp}{chapter.3}% 10
\BOOKMARK [1][-]{section.3.3}{Michelson Interferometer with Laser}{chapter.3}% 11
\BOOKMARK [1][-]{section.3.4}{Michelson Interferometer with Sodium Lamp}{chapter.3}% 12
\BOOKMARK [0][-]{chapter.4}{Error Analysis}{}% 13
\BOOKMARK [1][-]{section.4.1}{Fabry Perot Interferometer with Laser}{chapter.4}% 14
\BOOKMARK [1][-]{section.4.2}{Fabry Perot Interferometer with Sodium Lamp}{chapter.4}% 15
\BOOKMARK [1][-]{section.4.3}{Michelson Interferometer with Laser}{chapter.4}% 16
\BOOKMARK [1][-]{section.4.4}{Michelson Interferometer with Sodium Lamp}{chapter.4}% 17
\BOOKMARK [0][-]{chapter.5}{Conclusion, discussion and remarks}{}% 18
\BOOKMARK [1][-]{section.5.1}{Fabry Perot Interferometer with Laser}{chapter.5}% 19
\BOOKMARK [1][-]{section.5.2}{Fabry Perot Interferometer with Sodium Lamp}{chapter.5}% 20
\BOOKMARK [1][-]{section.5.3}{Michelson Interferometer with Laser}{chapter.5}% 21
\BOOKMARK [1][-]{section.5.4}{Michelson Interferometer with Sodium Lamp}{chapter.5}% 22
